/*C24*/SET SCHEMA PUBLIC
DROP TABLE "PUBLIC"."CURRICULUM_ACADEMICFORMATION"\u000a
DROP TABLE "PUBLIC"."CURRICULUM_PROFESSIONALEXPERIENCE"\u000a
DROP TABLE "PUBLIC"."PROFESSIONALEXPERIENCE"\u000a
DROP TABLE "PUBLIC"."INSTITUTION_SUPERVISOR"\u000a
DROP TABLE "PUBLIC"."ACADEMICFORMATION"\u000a
DROP TABLE "PUBLIC"."STUDENT"\u000a
DROP TABLE "PUBLIC"."SUPERVISOR"\u000a
DROP TABLE "PUBLIC"."INSTITUTION"\u000a
DROP TABLE "PUBLIC"."INTERNSHIP"\u000a
DROP TABLE "PUBLIC"."CURRICULUM"\u000a
DROP TABLE "PUBLIC"."COMPANY"\u000a
DROP TABLE "PUBLIC"."USER"
/*C25*/SET SCHEMA PUBLIC
DISCONNECT
/*C26*/SET SCHEMA PUBLIC
DISCONNECT
/*C27*/SET SCHEMA PUBLIC
DISCONNECT
/*C28*/SET SCHEMA PUBLIC
DISCONNECT
/*C29*/SET SCHEMA PUBLIC
DISCONNECT
/*C30*/SET SCHEMA PUBLIC
DISCONNECT
/*C31*/SET SCHEMA PUBLIC
DISCONNECT
/*C32*/SET SCHEMA PUBLIC
\u000d\u000a    create table AcademicFormation (\u000d\u000a       idAcademicFormation integer generated by default as identity (start with 1),\u000d\u000a        course varchar(255),\u000d\u000a        level varchar(255),\u000d\u000a        situation varchar(255),\u000d\u000a        idCurriculum integer,\u000d\u000a        institution_idInstitution integer,\u000d\u000a        primary key (idAcademicFormation)\u000d\u000a    )
\u000d\u000a    create table Company (\u000d\u000a       idCompany integer generated by default as identity (start with 1),\u000d\u000a        CNPJ varchar(255),\u000d\u000a        address varchar(255),\u000d\u000a        cep varchar(255),\u000d\u000a        city varchar(255),\u000d\u000a        companyName varchar(255),\u000d\u000a        neighborhood varchar(255),\u000d\u000a        number integer,\u000d\u000a        responsible varchar(255),\u000d\u000a        state varchar(255),\u000d\u000a        telephone varchar(255),\u000d\u000a        userCompany_idUser integer,\u000d\u000a        primary key (idCompany)\u000d\u000a    )
\u000d\u000a    create table Curriculum (\u000d\u000a       idCurriculum integer generated by default as identity (start with 1),\u000d\u000a        identification varchar(255),\u000d\u000a        primary key (idCurriculum)\u000d\u000a    )
\u000d\u000a    create table Institution (\u000d\u000a       idInstitution integer generated by default as identity (start with 1),\u000d\u000a        name varchar(255),\u000d\u000a        primary key (idInstitution)\u000d\u000a    )
\u000d\u000a    create table Institution_Supervisor (\u000d\u000a       Institution_idInstitution integer not null,\u000d\u000a        supervisores_idSupervisor integer not null\u000d\u000a    )
\u000d\u000a    create table Internship (\u000d\u000a       idInternship integer generated by default as identity (start with 1),\u000d\u000a        description varchar(255),\u000d\u000a        desirableRequirements varchar(255),\u000d\u000a        requiredRequirements varchar(255),\u000d\u000a        idCompany integer,\u000d\u000a        primary key (idInternship)\u000d\u000a    )
\u000d\u000a    create table ProfessionalExperience (\u000d\u000a       idProfessionalExperience integer generated by default as identity (start with 1),\u000d\u000a        company varchar(255),\u000d\u000a        dateAdmission timestamp,\u000d\u000a        dateDemission timestamp,\u000d\u000a        executeTasks varchar(255),\u000d\u000a        function varchar(255),\u000d\u000a        idCurriculum integer,\u000d\u000a        primary key (idProfessionalExperience)\u000d\u000a    )
\u000d\u000a    create table Student (\u000d\u000a       idStudent integer generated by default as identity (start with 1),\u000d\u000a        address varchar(255),\u000d\u000a        cep varchar(255),\u000d\u000a        city varchar(255),\u000d\u000a        course varchar(255),\u000d\u000a        dataIngresso date,\u000d\u000a        name varchar(255),\u000d\u000a        neighborhood varchar(255),\u000d\u000a        number integer,\u000d\u000a        register varchar(255),\u000d\u000a        state varchar(255),\u000d\u000a        telephone varchar(255),\u000d\u000a        curriculum_idCurriculum integer,\u000d\u000a        userStudent_idUser integer,\u000d\u000a        primary key (idStudent)\u000d\u000a    )
\u000d\u000a    create table Supervisor (\u000d\u000a       idSupervisor integer generated by default as identity (start with 1),\u000d\u000a        name varchar(255),\u000d\u000a        primary key (idSupervisor)\u000d\u000a    )
\u000d\u000a    create table User (\u000d\u000a       idUser integer generated by default as identity (start with 1),\u000d\u000a        email varchar(255) not null,\u000d\u000a        password varchar(255) not null,\u000d\u000a        userType varchar(255) not null,\u000d\u000a        username varchar(255) not null,\u000d\u000a        primary key (idUser)\u000d\u000a    )
\u000d\u000a    alter table AcademicFormation \u000d\u000a       add constraint FK1ykaa5a8sbwo0v20bcpvp8g95 \u000d\u000a       foreign key (idCurriculum) \u000d\u000a       references Curriculum
\u000d\u000a    alter table AcademicFormation \u000d\u000a       add constraint FK5blv890ay25inqru4r41htywn \u000d\u000a       foreign key (institution_idInstitution) \u000d\u000a       references Institution
\u000d\u000a    alter table Company \u000d\u000a       add constraint FK7djdrssn9wad6h72fp8iigknd \u000d\u000a       foreign key (userCompany_idUser) \u000d\u000a       references User
\u000d\u000a    alter table Institution_Supervisor \u000d\u000a       add constraint FKl24116267p5iawvmfkkqa2lws \u000d\u000a       foreign key (supervisores_idSupervisor) \u000d\u000a       references Supervisor
\u000d\u000a    alter table Institution_Supervisor \u000d\u000a       add constraint FKpljpg89t1lgtvxp78wib0wv1h \u000d\u000a       foreign key (Institution_idInstitution) \u000d\u000a       references Institution
\u000d\u000a    alter table Internship \u000d\u000a       add constraint FKc908knmw0lci0hwm2dta2brob \u000d\u000a       foreign key (idCompany) \u000d\u000a       references Company
\u000d\u000a    alter table ProfessionalExperience \u000d\u000a       add constraint FKqk5fr5iky6yeucyfdl7hvtcro \u000d\u000a       foreign key (idCurriculum) \u000d\u000a       references Curriculum
\u000d\u000a    alter table Student \u000d\u000a       add constraint FKj3ukwc228w1v86m9vf9c2kb7i \u000d\u000a       foreign key (curriculum_idCurriculum) \u000d\u000a       references Curriculum
\u000d\u000a    alter table Student \u000d\u000a       add constraint FK99tc2n29ril7rg0l3qhgdyc9d \u000d\u000a       foreign key (userStudent_idUser) \u000d\u000a       references User
INSERT INTO USER VALUES(1,'aluno1@gmail.com','321','Aluno','Aluno1')
COMMIT
DISCONNECT
/*C33*/SET SCHEMA PUBLIC
DISCONNECT
/*C34*/SET SCHEMA PUBLIC
INSERT INTO STUDENT VALUES(1,'Manoela@gmail.com','Aluno','Aluno','Empresa','2019-10-13','Hahaha','Manoela@gmail.com',99999,'8754236587','ManuMuitoFofa','Manoela@gmail.com',NULL,1)
COMMIT
DISCONNECT
/*C35*/SET SCHEMA PUBLIC
DISCONNECT
/*C36*/SET SCHEMA PUBLIC
INSERT INTO CURRICULUM VALUES(1,'Curriculum 1')
INSERT INTO ACADEMICFORMATION VALUES(1,NULL,NULL,NULL,NULL,NULL)
INSERT INTO PROFESSIONALEXPERIENCE VALUES(1,NULL,NULL,NULL,NULL,NULL,NULL)
DELETE FROM STUDENT WHERE IDSTUDENT=1
INSERT INTO STUDENT VALUES(1,'Manoela@gmail.com','Aluno','Aluno','Empresa','2019-10-13','Hahaha','Manoela@gmail.com',99999,'8754236587','ManuMuitoFofa','Manoela@gmail.com',1,1)
COMMIT
INSERT INTO CURRICULUM VALUES(2,'Curriculum 1')
DELETE FROM STUDENT WHERE IDSTUDENT=1
INSERT INTO STUDENT VALUES(1,'Manoela@gmail.com','Aluno','Aluno','Empresa','2019-10-13','Hahaha','Manoela@gmail.com',99999,'8754236587','ManuMuitoFofa','Manoela@gmail.com',2,1)
COMMIT
DISCONNECT
/*C37*/SET SCHEMA PUBLIC
DISCONNECT
/*C38*/SET SCHEMA PUBLIC
DISCONNECT
/*C39*/SET SCHEMA PUBLIC
DISCONNECT
/*C40*/SET SCHEMA PUBLIC
DELETE FROM CURRICULUM WHERE IDCURRICULUM=1
COMMIT
/*C24*/DROP TABLE "PUBLIC"."PROFESSIONALEXPERIENCE"
DROP TABLE  "PUBLIC"."ACADEMICFORMATION"
/*C40*/DISCONNECT
/*C41*/SET SCHEMA PUBLIC
DISCONNECT
/*C42*/SET SCHEMA PUBLIC
\u000d\u000a    create table AcademicFormation (\u000d\u000a       idAcademicFormation integer generated by default as identity (start with 1),\u000d\u000a        course varchar(255),\u000d\u000a        level varchar(255),\u000d\u000a        situation varchar(255),\u000d\u000a        idCurriculum integer,\u000d\u000a        institution_idInstitution integer,\u000d\u000a        primary key (idAcademicFormation)\u000d\u000a    )
\u000d\u000a    create table ProfessionalExperience (\u000d\u000a       idProfessionalExperience integer generated by default as identity (start with 1),\u000d\u000a        company varchar(255),\u000d\u000a        dateAdmission timestamp,\u000d\u000a        dateDemission timestamp,\u000d\u000a        executeTasks varchar(255),\u000d\u000a        function varchar(255),\u000d\u000a        idCurriculum integer,\u000d\u000a        primary key (idProfessionalExperience)\u000d\u000a    )
\u000d\u000a    alter table AcademicFormation \u000d\u000a       add constraint FK1ykaa5a8sbwo0v20bcpvp8g95 \u000d\u000a       foreign key (idCurriculum) \u000d\u000a       references Curriculum
\u000d\u000a    alter table AcademicFormation \u000d\u000a       add constraint FK5blv890ay25inqru4r41htywn \u000d\u000a       foreign key (institution_idInstitution) \u000d\u000a       references Institution
\u000d\u000a    alter table ProfessionalExperience \u000d\u000a       add constraint FKqk5fr5iky6yeucyfdl7hvtcro \u000d\u000a       foreign key (idCurriculum) \u000d\u000a       references Curriculum
INSERT INTO USER VALUES(2,'aluno2@gmail.com','321','Aluno','Aluno2')
COMMIT
DISCONNECT
/*C43*/SET SCHEMA PUBLIC
DISCONNECT
/*C44*/SET SCHEMA PUBLIC
INSERT INTO CURRICULUM VALUES(3,'Curriculum 1')
DELETE FROM STUDENT WHERE IDSTUDENT=1
INSERT INTO STUDENT VALUES(1,'Manoela@gmail.com','Aluno','Aluno','Empresa','2019-10-13','Hahaha','Manoela@gmail.com',99999,'8754236587','ManuMuitoFofa','Manoela@gmail.com',3,1)
COMMIT
DISCONNECT
/*C24*/\u000aDROP TABLE "PUBLIC"."PROFESSIONALEXPERIENCE"\u000a
DROP TABLE "PUBLIC"."INSTITUTION_SUPERVISOR"\u000a
DROP TABLE "PUBLIC"."ACADEMICFORMATION"\u000a
DROP TABLE "PUBLIC"."STUDENT"\u000a
DROP TABLE "PUBLIC"."SUPERVISOR"\u000a
DROP TABLE "PUBLIC"."INSTITUTION"\u000a
DROP TABLE "PUBLIC"."INTERNSHIP"\u000a
DROP TABLE "PUBLIC"."CURRICULUM"\u000a
DROP TABLE "PUBLIC"."COMPANY"\u000a
DROP TABLE "PUBLIC"."USER"
/*C45*/SET SCHEMA PUBLIC
DISCONNECT
/*C46*/SET SCHEMA PUBLIC
\u000d\u000a    create table AcademicFormation (\u000d\u000a       idAcademicFormation integer generated by default as identity (start with 1),\u000d\u000a        course varchar(255),\u000d\u000a        level varchar(255),\u000d\u000a        situation varchar(255),\u000d\u000a        idCurriculum integer,\u000d\u000a        institution_idInstitution integer,\u000d\u000a        primary key (idAcademicFormation)\u000d\u000a    )
\u000d\u000a    create table Company (\u000d\u000a       idCompany integer generated by default as identity (start with 1),\u000d\u000a        CNPJ varchar(255),\u000d\u000a        address varchar(255),\u000d\u000a        cep varchar(255),\u000d\u000a        city varchar(255),\u000d\u000a        companyName varchar(255),\u000d\u000a        neighborhood varchar(255),\u000d\u000a        number integer,\u000d\u000a        responsible varchar(255),\u000d\u000a        state varchar(255),\u000d\u000a        telephone varchar(255),\u000d\u000a        userCompany_idUser integer,\u000d\u000a        primary key (idCompany)\u000d\u000a    )
\u000d\u000a    create table Curriculum (\u000d\u000a       idCurriculum integer generated by default as identity (start with 1),\u000d\u000a        identification varchar(255),\u000d\u000a        primary key (idCurriculum)\u000d\u000a    )
\u000d\u000a    create table Institution (\u000d\u000a       idInstitution integer generated by default as identity (start with 1),\u000d\u000a        name varchar(255),\u000d\u000a        primary key (idInstitution)\u000d\u000a    )
\u000d\u000a    create table Institution_Supervisor (\u000d\u000a       Institution_idInstitution integer not null,\u000d\u000a        supervisores_idSupervisor integer not null\u000d\u000a    )
\u000d\u000a    create table Internship (\u000d\u000a       idInternship integer generated by default as identity (start with 1),\u000d\u000a        description varchar(255),\u000d\u000a        desirableRequirements varchar(255),\u000d\u000a        requiredRequirements varchar(255),\u000d\u000a        idCompany integer,\u000d\u000a        primary key (idInternship)\u000d\u000a    )
\u000d\u000a    create table ProfessionalExperience (\u000d\u000a       idProfessionalExperience integer generated by default as identity (start with 1),\u000d\u000a        company varchar(255),\u000d\u000a        dateAdmission timestamp,\u000d\u000a        dateDemission timestamp,\u000d\u000a        executeTasks varchar(255),\u000d\u000a        function varchar(255),\u000d\u000a        idCurriculum integer,\u000d\u000a        primary key (idProfessionalExperience)\u000d\u000a    )
\u000d\u000a    create table Student (\u000d\u000a       idStudent integer generated by default as identity (start with 1),\u000d\u000a        address varchar(255),\u000d\u000a        cep varchar(255),\u000d\u000a        city varchar(255),\u000d\u000a        course varchar(255),\u000d\u000a        dataIngresso date,\u000d\u000a        name varchar(255),\u000d\u000a        neighborhood varchar(255),\u000d\u000a        number integer,\u000d\u000a        register varchar(255),\u000d\u000a        state varchar(255),\u000d\u000a        telephone varchar(255),\u000d\u000a        curriculum_idCurriculum integer,\u000d\u000a        userStudent_idUser integer,\u000d\u000a        primary key (idStudent)\u000d\u000a    )
\u000d\u000a    create table Supervisor (\u000d\u000a       idSupervisor integer generated by default as identity (start with 1),\u000d\u000a        name varchar(255),\u000d\u000a        primary key (idSupervisor)\u000d\u000a    )
\u000d\u000a    create table User (\u000d\u000a       idUser integer generated by default as identity (start with 1),\u000d\u000a        email varchar(255) not null,\u000d\u000a        password varchar(255) not null,\u000d\u000a        userType varchar(255) not null,\u000d\u000a        username varchar(255) not null,\u000d\u000a        primary key (idUser)\u000d\u000a    )
\u000d\u000a    alter table AcademicFormation \u000d\u000a       add constraint FK1ykaa5a8sbwo0v20bcpvp8g95 \u000d\u000a       foreign key (idCurriculum) \u000d\u000a       references Curriculum
\u000d\u000a    alter table AcademicFormation \u000d\u000a       add constraint FK5blv890ay25inqru4r41htywn \u000d\u000a       foreign key (institution_idInstitution) \u000d\u000a       references Institution
\u000d\u000a    alter table Company \u000d\u000a       add constraint FK7djdrssn9wad6h72fp8iigknd \u000d\u000a       foreign key (userCompany_idUser) \u000d\u000a       references User
\u000d\u000a    alter table Institution_Supervisor \u000d\u000a       add constraint FKl24116267p5iawvmfkkqa2lws \u000d\u000a       foreign key (supervisores_idSupervisor) \u000d\u000a       references Supervisor
\u000d\u000a    alter table Institution_Supervisor \u000d\u000a       add constraint FKpljpg89t1lgtvxp78wib0wv1h \u000d\u000a       foreign key (Institution_idInstitution) \u000d\u000a       references Institution
\u000d\u000a    alter table Internship \u000d\u000a       add constraint FKc908knmw0lci0hwm2dta2brob \u000d\u000a       foreign key (idCompany) \u000d\u000a       references Company
\u000d\u000a    alter table ProfessionalExperience \u000d\u000a       add constraint FKqk5fr5iky6yeucyfdl7hvtcro \u000d\u000a       foreign key (idCurriculum) \u000d\u000a       references Curriculum
\u000d\u000a    alter table Student \u000d\u000a       add constraint FKj3ukwc228w1v86m9vf9c2kb7i \u000d\u000a       foreign key (curriculum_idCurriculum) \u000d\u000a       references Curriculum
\u000d\u000a    alter table Student \u000d\u000a       add constraint FK99tc2n29ril7rg0l3qhgdyc9d \u000d\u000a       foreign key (userStudent_idUser) \u000d\u000a       references User
INSERT INTO USER VALUES(1,'aluno2@gmail.com','321','Aluno','Aluno2')
COMMIT
INSERT INTO USER VALUES(2,'aluno1@gmail.com','321','Aluno','Aluno1')
COMMIT
INSERT INTO USER VALUES(3,'empresa1@gmail.com','321','Empresa','Empresa1')
COMMIT
INSERT INTO USER VALUES(4,'empresa2@gmail.com','321','Empresa','Empresa2')
COMMIT
INSERT INTO STUDENT VALUES(1,'Manoela@gmail.com','Aluno','Aluno','Empresa','2019-10-13','Hahaha','Manoela@gmail.com',99999,'8754236587','ManuMuitoFofa','Manoela@gmail.com',NULL,1)
COMMIT
INSERT INTO STUDENT VALUES(2,'Manoela@gmail.com','Aluno','Aluno','Empresa','2019-10-13','Hahaha','Manoela@gmail.com',99999,'ah\u00e3','ManuMuitoFofa','Manoela@gmail.com',NULL,2)
COMMIT
INSERT INTO CURRICULUM VALUES(1,'Curriculum 1')
DELETE FROM STUDENT WHERE IDSTUDENT=1
INSERT INTO STUDENT VALUES(1,'Manoela@gmail.com','Aluno','Aluno','Empresa','2019-10-13','Hahaha','Manoela@gmail.com',99999,'8754236587','ManuMuitoFofa','Manoela@gmail.com',1,1)
COMMIT
DELETE FROM CURRICULUM WHERE IDCURRICULUM=1
INSERT INTO CURRICULUM VALUES(1,'Curriculum 1.1.1.1')
COMMIT
DELETE FROM STUDENT WHERE IDSTUDENT=1
DELETE FROM CURRICULUM WHERE IDCURRICULUM=1
COMMIT
INSERT INTO CURRICULUM VALUES(2,'Curriculum 2')
DELETE FROM STUDENT WHERE IDSTUDENT=2
INSERT INTO STUDENT VALUES(2,'Manoela@gmail.com','Aluno','Aluno','Empresa','2019-10-13','Hahaha','Manoela@gmail.com',99999,'ah\u00e3','ManuMuitoFofa','Manoela@gmail.com',2,2)
COMMIT
DELETE FROM STUDENT WHERE IDSTUDENT=2
DELETE FROM CURRICULUM WHERE IDCURRICULUM=2
COMMIT
DISCONNECT
/*C47*/SET SCHEMA PUBLIC
DISCONNECT
/*C48*/SET SCHEMA PUBLIC
DELETE FROM USER WHERE IDUSER=1
INSERT INTO USER VALUES(1,'brayan.goncalves@aluno.ifsp.edu.br','brayan1254','Aluno','BrayanGoncalves')
COMMIT
INSERT INTO STUDENT VALUES(3,'Rua Doutor Pedro Raimundo','13532232','S\u00e3o Carlos','ADS','2019-10-13','Brayan Matheus Gon\u00e7alves','Vila Carmem',269,'140038x','SP','19996308548',NULL,1)
COMMIT
INSERT INTO CURRICULUM VALUES(3,'CV')
DELETE FROM STUDENT WHERE IDSTUDENT=3
INSERT INTO STUDENT VALUES(3,'Rua Doutor Pedro Raimundo','13532232','S\u00e3o Carlos','ADS','2019-10-13','Brayan Matheus Gon\u00e7alves','Vila Carmem',269,'140038x','SP','19996308548',3,1)
COMMIT
DISCONNECT
/*C49*/SET SCHEMA PUBLIC
DISCONNECT
/*C50*/SET SCHEMA PUBLIC
DISCONNECT
/*C51*/SET SCHEMA PUBLIC
DISCONNECT
/*C52*/SET SCHEMA PUBLIC
DISCONNECT
/*C53*/SET SCHEMA PUBLIC
DISCONNECT
/*C54*/SET SCHEMA PUBLIC
DELETE FROM STUDENT WHERE IDSTUDENT=3
INSERT INTO STUDENT VALUES(3,'Rua Doutor Pedro Raimundo','13532232','S\u00e3o Carlos','ADS','2019-10-13','Brayan Matheus Gon\u00e7alves','Vila Carmem',269,'140038x','SP','19996308548',NULL,1)
COMMIT
DISCONNECT
/*C24*/DELETE FROM CURRICULUM WHERE IDCURRICULUM=3
COMMIT
/*C55*/SET SCHEMA PUBLIC
DISCONNECT
/*C56*/SET SCHEMA PUBLIC
INSERT INTO CURRICULUM VALUES(4,'CV')
DELETE FROM STUDENT WHERE IDSTUDENT=3
INSERT INTO STUDENT VALUES(3,'Rua Doutor Pedro Raimundo','13532232','S\u00e3o Carlos','ADS','2019-10-13','Brayan Matheus Gon\u00e7alves','Vila Carmem',269,'140038x','SP','19996308548',4,1)
COMMIT
DISCONNECT
/*C57*/SET SCHEMA PUBLIC
DISCONNECT
/*C58*/SET SCHEMA PUBLIC
DISCONNECT
/*C59*/SET SCHEMA PUBLIC
DISCONNECT
/*C60*/SET SCHEMA PUBLIC
DISCONNECT
/*C61*/SET SCHEMA PUBLIC
DISCONNECT
/*C62*/SET SCHEMA PUBLIC
DISCONNECT
/*C63*/SET SCHEMA PUBLIC
DISCONNECT
/*C64*/SET SCHEMA PUBLIC
DELETE FROM STUDENT WHERE IDSTUDENT=3
INSERT INTO STUDENT VALUES(3,'Rua Doutor Pedro Raimundo','13532232','S\u00e3o Carlos','ADS','2019-10-13','Brayan Matheus Gon\u00e7alves','Vila Carmem',269,'140038x','SP','19996308548',NULL,1)
DELETE FROM CURRICULUM WHERE IDCURRICULUM=4
COMMIT
INSERT INTO CURRICULUM VALUES(5,'CV')
DELETE FROM STUDENT WHERE IDSTUDENT=3
INSERT INTO STUDENT VALUES(3,'Rua Doutor Pedro Raimundo','13532232','S\u00e3o Carlos','ADS','2019-10-13','Brayan Matheus Gon\u00e7alves','Vila Carmem',269,'140038x','SP','19996308548',5,1)
COMMIT
DISCONNECT
/*C65*/SET SCHEMA PUBLIC
DISCONNECT
/*C66*/SET SCHEMA PUBLIC
DELETE FROM STUDENT WHERE IDSTUDENT=3
INSERT INTO STUDENT VALUES(3,'Rua Doutor Pedro Raimundo','13532232','S\u00e3o Carlos','ADS','2019-10-13','Brayan Matheus Gon\u00e7alves','Vila Carmem',269,'140038x','SP','19996308548',NULL,1)
DELETE FROM CURRICULUM WHERE IDCURRICULUM=5
COMMIT
INSERT INTO CURRICULUM VALUES(6,'CV')
DELETE FROM STUDENT WHERE IDSTUDENT=3
INSERT INTO STUDENT VALUES(3,'Rua Doutor Pedro Raimundo','13532232','S\u00e3o Carlos','ADS','2019-10-13','Brayan Matheus Gon\u00e7alves','Vila Carmem',269,'140038x','SP','19996308548',6,1)
COMMIT
DELETE FROM STUDENT WHERE IDSTUDENT=3
INSERT INTO STUDENT VALUES(3,'Rua Doutor Pedro Raimundo','13532232','S\u00e3o Carlos','ADS','2019-10-13','Brayan Matheus Gon\u00e7alves','Vila Carmem',269,'140038x','SP','19996308548',NULL,1)
DELETE FROM CURRICULUM WHERE IDCURRICULUM=6
COMMIT
INSERT INTO CURRICULUM VALUES(7,'CV')
DELETE FROM STUDENT WHERE IDSTUDENT=3
INSERT INTO STUDENT VALUES(3,'Rua Doutor Pedro Raimundo','13532232','S\u00e3o Carlos','ADS','2019-10-13','Brayan Matheus Gon\u00e7alves','Vila Carmem',269,'140038x','SP','19996308548',7,1)
COMMIT
DELETE FROM STUDENT WHERE IDSTUDENT=3
INSERT INTO STUDENT VALUES(3,'Rua Doutor Pedro Raimundo','13532232','S\u00e3o Carlos','ADS','2019-10-13','Brayan Matheus Gon\u00e7alves','Vila Carmem',269,'140038x','SP','19996308548',NULL,1)
DELETE FROM CURRICULUM WHERE IDCURRICULUM=7
COMMIT
DISCONNECT
/*C67*/SET SCHEMA PUBLIC
DISCONNECT
/*C68*/SET SCHEMA PUBLIC
INSERT INTO CURRICULUM VALUES(8,'CV')
DELETE FROM STUDENT WHERE IDSTUDENT=3
INSERT INTO STUDENT VALUES(3,'Rua Doutor Pedro Raimundo','13532232','S\u00e3o Carlos','ADS','2019-10-13','Brayan Matheus Gon\u00e7alves','Vila Carmem',269,'140038x','SP','19996308548',8,1)
COMMIT
DELETE FROM CURRICULUM WHERE IDCURRICULUM=8
INSERT INTO CURRICULUM VALUES(8,'Curr\u00edculo Vitae')
COMMIT
/*C24*/DISCONNECT
