/*C12*/SET SCHEMA PUBLIC
DISCONNECT
/*C13*/SET SCHEMA PUBLIC
\u000d\u000a    create table AcademicFormation (\u000d\u000a       idAcademicFormation integer generated by default as identity (start with 1),\u000d\u000a        course varchar(255),\u000d\u000a        level varchar(255),\u000d\u000a        situation varchar(255),\u000d\u000a        institution_idInstitution integer,\u000d\u000a        primary key (idAcademicFormation)\u000d\u000a    )
\u000d\u000a    create table Company (\u000d\u000a       idCompany integer generated by default as identity (start with 1),\u000d\u000a        CNPJ varchar(255) not null,\u000d\u000a        address varchar(255) not null,\u000d\u000a        cep varchar(255) not null,\u000d\u000a        city varchar(255) not null,\u000d\u000a        companyName varchar(255) not null,\u000d\u000a        neighborhood varchar(255) not null,\u000d\u000a        number integer not null,\u000d\u000a        requisitosDesejaveis varchar(255) not null,\u000d\u000a        responsible varchar(255) not null,\u000d\u000a        state varchar(255) not null,\u000d\u000a        telephone varchar(255) not null,\u000d\u000a        userCompany_idUser integer,\u000d\u000a        primary key (idCompany)\u000d\u000a    )
\u000d\u000a    create table Company_Internship (\u000d\u000a       Company_idCompany integer not null,\u000d\u000a        internshipList_idInternship integer not null\u000d\u000a    )
\u000d\u000a    create table Curriculum (\u000d\u000a       idCurriculum integer generated by default as identity (start with 1),\u000d\u000a        identification integer,\u000d\u000a        primary key (idCurriculum)\u000d\u000a    )
\u000d\u000a    create table Curriculum_AcademicFormation (\u000d\u000a       Curriculum_idCurriculum integer not null,\u000d\u000a        academicFormationList_idAcademicFormation integer not null\u000d\u000a    )
\u000d\u000a    create table Curriculum_ProfessionalExperience (\u000d\u000a       Curriculum_idCurriculum integer not null,\u000d\u000a        professionalExperienceList_idProfessionalExperience integer not null\u000d\u000a    )
\u000d\u000a    create table Institution (\u000d\u000a       idInstitution integer generated by default as identity (start with 1),\u000d\u000a        name varchar(255),\u000d\u000a        primary key (idInstitution)\u000d\u000a    )
\u000d\u000a    create table Institution_Supervisor (\u000d\u000a       Institution_idInstitution integer not null,\u000d\u000a        supervisores_idSupervisor integer not null\u000d\u000a    )
\u000d\u000a    create table Internship (\u000d\u000a       idInternship integer generated by default as identity (start with 1),\u000d\u000a        description varchar(255) not null,\u000d\u000a        desirableRequirements varchar(255) not null,\u000d\u000a        requiredRequirements varchar(255) not null,\u000d\u000a        userInternship_idUser integer,\u000d\u000a        primary key (idInternship)\u000d\u000a    )
\u000d\u000a    create table ProfessionalExperience (\u000d\u000a       idProfessionalExperience integer generated by default as identity (start with 1),\u000d\u000a        company varchar(255) not null,\u000d\u000a        dateAdmission timestamp not null,\u000d\u000a        dateDemission timestamp not null,\u000d\u000a        executeTasks varchar(255) not null,\u000d\u000a        function varchar(255) not null,\u000d\u000a        primary key (idProfessionalExperience)\u000d\u000a    )
\u000d\u000a    create table Student (\u000d\u000a       idStudent integer generated by default as identity (start with 1),\u000d\u000a        address varchar(255) not null,\u000d\u000a        cep varchar(255) not null,\u000d\u000a        city varchar(255) not null,\u000d\u000a        course varchar(255) not null,\u000d\u000a        dataIngresso timestamp not null,\u000d\u000a        name varchar(255) not null,\u000d\u000a        neighborhood varchar(255) not null,\u000d\u000a        number integer not null,\u000d\u000a        register varchar(255) not null,\u000d\u000a        state varchar(255) not null,\u000d\u000a        telephone varchar(255) not null,\u000d\u000a        curriculum_idCurriculum integer,\u000d\u000a        internship_idInternship integer,\u000d\u000a        userStudent_idUser integer,\u000d\u000a        primary key (idStudent)\u000d\u000a    )
\u000d\u000a    create table Supervisor (\u000d\u000a       idSupervisor integer generated by default as identity (start with 1),\u000d\u000a        name varchar(255),\u000d\u000a        primary key (idSupervisor)\u000d\u000a    )
\u000d\u000a    alter table AcademicFormation \u000d\u000a       add constraint FK5blv890ay25inqru4r41htywn \u000d\u000a       foreign key (institution_idInstitution) \u000d\u000a       references Institution
\u000d\u000a    alter table Company \u000d\u000a       add constraint FK7djdrssn9wad6h72fp8iigknd \u000d\u000a       foreign key (userCompany_idUser) \u000d\u000a       references User
\u000d\u000a    alter table Company_Internship \u000d\u000a       add constraint FKt2re8mv336ut9s5nunh16lln4 \u000d\u000a       foreign key (internshipList_idInternship) \u000d\u000a       references Internship
\u000d\u000a    alter table Company_Internship \u000d\u000a       add constraint FKsfme8trw5i5mipny9a0olj8a1 \u000d\u000a       foreign key (Company_idCompany) \u000d\u000a       references Company
\u000d\u000a    alter table Curriculum_AcademicFormation \u000d\u000a       add constraint FK9ut9mmusdeck9ewq2haimn6e5 \u000d\u000a       foreign key (academicFormationList_idAcademicFormation) \u000d\u000a       references AcademicFormation
\u000d\u000a    alter table Curriculum_AcademicFormation \u000d\u000a       add constraint FKt75a0d1549e4pg2pc5ftdxo9 \u000d\u000a       foreign key (Curriculum_idCurriculum) \u000d\u000a       references Curriculum
\u000d\u000a    alter table Curriculum_ProfessionalExperience \u000d\u000a       add constraint FKplw8888x0e0wxrnqph8u7tfpw \u000d\u000a       foreign key (professionalExperienceList_idProfessionalExperience) \u000d\u000a       references ProfessionalExperience
\u000d\u000a    alter table Curriculum_ProfessionalExperience \u000d\u000a       add constraint FKnpmey1de18s9c9vbvra9nhk3c \u000d\u000a       foreign key (Curriculum_idCurriculum) \u000d\u000a       references Curriculum
\u000d\u000a    alter table Institution_Supervisor \u000d\u000a       add constraint FKl24116267p5iawvmfkkqa2lws \u000d\u000a       foreign key (supervisores_idSupervisor) \u000d\u000a       references Supervisor
\u000d\u000a    alter table Institution_Supervisor \u000d\u000a       add constraint FKpljpg89t1lgtvxp78wib0wv1h \u000d\u000a       foreign key (Institution_idInstitution) \u000d\u000a       references Institution
\u000d\u000a    alter table Internship \u000d\u000a       add constraint FKe8ycn452brr5k8v14pac8fgw2 \u000d\u000a       foreign key (userInternship_idUser) \u000d\u000a       references User
\u000d\u000a    alter table Student \u000d\u000a       add constraint FKj3ukwc228w1v86m9vf9c2kb7i \u000d\u000a       foreign key (curriculum_idCurriculum) \u000d\u000a       references Curriculum
\u000d\u000a    alter table Student \u000d\u000a       add constraint FKh2falx1a85bt1kpnrur3xasdo \u000d\u000a       foreign key (internship_idInternship) \u000d\u000a       references Internship
\u000d\u000a    alter table Student \u000d\u000a       add constraint FK99tc2n29ril7rg0l3qhgdyc9d \u000d\u000a       foreign key (userStudent_idUser) \u000d\u000a       references User
DISCONNECT
/*C15*/SET SCHEMA PUBLIC
DISCONNECT
/*C16*/SET SCHEMA PUBLIC
DISCONNECT
/*C17*/SET SCHEMA PUBLIC
DISCONNECT
/*C18*/SET SCHEMA PUBLIC
DISCONNECT
/*C19*/SET SCHEMA PUBLIC
DISCONNECT
/*C20*/SET SCHEMA PUBLIC
DISCONNECT
/*C14*/SET SCHEMA PUBLIC
DISCONNECT
